Removed Pin From Net: NetName=GND Pin=C4-1
Removed Pin From Net: NetName=+5 Pin=C4-2
Removed Pin From Net: NetName=NetD1_3 Pin=U2-1
Removed Pin From Net: NetName=NetD1_4 Pin=U2-2
Removed Pin From Net: NetName=NetD1_2 Pin=U2-3
Removed Pin From Net: NetName=NetD2_3 Pin=U2-4
Removed Pin From Net: NetName=NetD2_4 Pin=U2-5
Removed Pin From Net: NetName=NetD2_2 Pin=U2-6
Removed Pin From Net: NetName=NetD3_3 Pin=U2-7
Removed Pin From Net: NetName=NetD3_4 Pin=U2-8
Removed Pin From Net: NetName=NetD3_2 Pin=U2-9
Removed Pin From Net: NetName=NetD4_3 Pin=U2-10
Removed Pin From Net: NetName=NetD4_4 Pin=U2-11
Removed Pin From Net: NetName=NetD4_2 Pin=U2-12
Removed Pin From Net: NetName=NetD5_3 Pin=U2-13
Removed Pin From Net: NetName=NetD5_4 Pin=U2-14
Removed Pin From Net: NetName=NetD5_2 Pin=U2-15
Removed Pin From Net: NetName=NetD6_3 Pin=U2-16
Removed Pin From Net: NetName=NetD6_4 Pin=U2-17
Removed Pin From Net: NetName=NetD6_2 Pin=U2-18
Removed Pin From Net: NetName=NetD13_3 Pin=U2-19
Removed Pin From Net: NetName=NetD13_4 Pin=U2-20
Removed Pin From Net: NetName=NetD13_2 Pin=U2-21
Removed Pin From Net: NetName=NetD12_3 Pin=U2-22
Removed Pin From Net: NetName=NetD12_4 Pin=U2-23
Removed Pin From Net: NetName=NetD12_2 Pin=U2-24
Removed Pin From Net: NetName=NetD11_3 Pin=U2-25
Removed Pin From Net: NetName=NetD11_4 Pin=U2-26
Removed Pin From Net: NetName=NetD11_2 Pin=U2-27
Removed Pin From Net: NetName=NetD10_3 Pin=U2-28
Removed Pin From Net: NetName=NetD10_4 Pin=U2-29
Removed Pin From Net: NetName=NetD10_2 Pin=U2-30
Removed Pin From Net: NetName=NetD9_3 Pin=U2-31
Removed Pin From Net: NetName=NetD9_4 Pin=U2-32
Removed Pin From Net: NetName=NetD9_2 Pin=U2-33
Removed Pin From Net: NetName=NetD8_3 Pin=U2-34
Removed Pin From Net: NetName=NetD8_4 Pin=U2-35
Removed Pin From Net: NetName=NetD8_2 Pin=U2-36
Removed Pin From Net: NetName=GND Pin=U2-37
Removed Pin From Net: NetName=GND Pin=U2-38
Removed Pin From Net: NetName=GND Pin=U2-39
Removed Pin From Net: NetName=+5 Pin=U2-40
Removed Pin From Net: NetName=NetP1_2 Pin=U2-41
Removed Pin From Net: NetName=NetP1_1 Pin=U2-42
Removed Pin From Net: NetName=GND Pin=U2-46
Removed Pin From Net: NetName=GND Pin=U2-47
Change Component Footprint: Designator=U2 Old Footprint=RJV0046A New Footprint=QFP50P900X900X160-48N
Change Component Comment : Designator=U2 Old Comment=LP5036RJVR New Comment=IS31FL3236-QFLS2-TR
Change component parameters: Designator = "U2"; Footprint = "QFP50P900X900X160-48N"; UniqueID = "\JDWRBZUY"
Change component parameters. Clean all parameters for all variants
Change component parameters (AddParameter): Name = "Digi-Key_Part_Number"; Value = "706-1434-1-ND"; VariantName = "[No Variations]"
Change component parameters (AddParameter): Name = "MF"; Value = "ISSI, Integrated"; VariantName = "[No Variations]"
Change component parameters (AddParameter): Name = "MP"; Value = "IS31FL3236-QFLS2-TR"; VariantName = "[No Variations]"
Change component parameters (AddParameter): Name = "Package"; Value = "QFN-44 ISSI"; VariantName = "[No Variations]"
Change component parameters (AddParameter): Name = "SnapEDA_Link"; Value = "https://www.snapeda.com/parts/IS31FL3236-QFLS2-TR/ISSI,%20Integrated%20Silicon%20Solution%20Inc/view-part/328010/?ref=snap"; VariantName = "[No Variations]"
Change component parameters (AddParameter): Name = "Value"; Value = ""; VariantName = "[No Variations]"
Added Pin To Net: NetName=+5 Pin=C5-2
Added Pin To Net: NetName=NetD1_2 Pin=U2-1
Added Pin To Net: NetName=NetD2_3 Pin=U2-2
Added Pin To Net: NetName=NetD2_4 Pin=U2-3
Added Pin To Net: NetName=GND Pin=U2-4
Added Pin To Net: NetName=NetD2_2 Pin=U2-5
Added Pin To Net: NetName=NetD3_3 Pin=U2-6
Added Pin To Net: NetName=NetD3_4 Pin=U2-7
Added Pin To Net: NetName=NetD3_2 Pin=U2-8
Added Pin To Net: NetName=NetD4_3 Pin=U2-9
Added Pin To Net: NetName=NetD4_4 Pin=U2-10
Added Pin To Net: NetName=NetD4_2 Pin=U2-11
Added Pin To Net: NetName=NetD5_3 Pin=U2-12
Added Pin To Net: NetName=NetD5_4 Pin=U2-13
Added Pin To Net: NetName=NetD5_2 Pin=U2-14
Added Pin To Net: NetName=NetD6_3 Pin=U2-15
Added Pin To Net: NetName=NetD6_4 Pin=U2-16
Added Pin To Net: NetName=NetD6_2 Pin=U2-17
Added Pin To Net: NetName=GND Pin=U2-18
Added Pin To Net: NetName=GND Pin=U2-19
Added Pin To Net: NetName=NetD13_3 Pin=U2-20
Added Pin To Net: NetName=NetD13_4 Pin=U2-21
Added Pin To Net: NetName=NetD13_2 Pin=U2-22
Added Pin To Net: NetName=NetD12_3 Pin=U2-23
Added Pin To Net: NetName=NetD12_4 Pin=U2-24
Added Pin To Net: NetName=NetD12_2 Pin=U2-25
Added Pin To Net: NetName=NetD11_3 Pin=U2-26
Added Pin To Net: NetName=NetD11_4 Pin=U2-27
Added Pin To Net: NetName=NetD11_2 Pin=U2-28
Added Pin To Net: NetName=NetD10_3 Pin=U2-29
Added Pin To Net: NetName=NetD10_4 Pin=U2-30
Added Pin To Net: NetName=NetD10_2 Pin=U2-31
Added Pin To Net: NetName=NetD9_3 Pin=U2-32
Added Pin To Net: NetName=GND Pin=U2-33
Added Pin To Net: NetName=NetD9_4 Pin=U2-34
Added Pin To Net: NetName=NetD9_2 Pin=U2-35
Added Pin To Net: NetName=NetD8_3 Pin=U2-36
Added Pin To Net: NetName=NetD8_4 Pin=U2-37
Added Pin To Net: NetName=NetD8_2 Pin=U2-38
Added Pin To Net: NetName=GND Pin=U2-40
Added Pin To Net: NetName=+5 Pin=U2-41
Added Pin To Net: NetName=GND Pin=U2-42
Added Pin To Net: NetName=GND Pin=U2-43
Added Pin To Net: NetName=NetP1_2 Pin=U2-45
Added Pin To Net: NetName=NetP1_1 Pin=U2-46
Added Pin To Net: NetName=NetD1_3 Pin=U2-47
Added Pin To Net: NetName=NetD1_4 Pin=U2-48
Added Pin To Net: NetName=GND Pin=U2-49
Added Pin To Net: NetName=NetU2_39 Pin=U2-39
Added Pin To Net: NetName=NetU2_39 Pin=U3-8
Added Net: Name=NetU2_39
Added Member To Class: ClassName=c2020_schematic Member=Component C1 1uF
Added Member To Class: ClassName=c2020_schematic Member=Component C2 1uF
Added Member To Class: ClassName=c2020_schematic Member=Component C3 1uF
Added Member To Class: ClassName=c2020_schematic Member=Component C5 1uF
Added Member To Class: ClassName=c2020_schematic Member=Component C6 100nF
Added Member To Class: ClassName=c2020_schematic Member=Component C7 100nF
Added Member To Class: ClassName=c2020_schematic Member=Component D1 156120M173000
Added Member To Class: ClassName=c2020_schematic Member=Component D2 156120M173000
Added Member To Class: ClassName=c2020_schematic Member=Component D3 156120M173000
Added Member To Class: ClassName=c2020_schematic Member=Component D4 156120M173000
Added Member To Class: ClassName=c2020_schematic Member=Component D5 156120M173000
Added Member To Class: ClassName=c2020_schematic Member=Component D6 156120M173000
Added Member To Class: ClassName=c2020_schematic Member=Component D8 156120M173000
Added Member To Class: ClassName=c2020_schematic Member=Component D9 156120M173000
Added Member To Class: ClassName=c2020_schematic Member=Component D10 156120M173000
Added Member To Class: ClassName=c2020_schematic Member=Component D11 156120M173000
Added Member To Class: ClassName=c2020_schematic Member=Component D12 156120M173000
Added Member To Class: ClassName=c2020_schematic Member=Component D13 156120M173000
Added Member To Class: ClassName=c2020_schematic Member=Component J1 10118194-0001LF
Added Member To Class: ClassName=c2020_schematic Member=Component R1 3k
Added Member To Class: ClassName=c2020_schematic Member=Component R2 3k
Added Member To Class: ClassName=c2020_schematic Member=Component R3 1.5k
Added Member To Class: ClassName=c2020_schematic Member=Component R4 200k
Added Member To Class: ClassName=c2020_schematic Member=Component R5 15k
Added Member To Class: ClassName=c2020_schematic Member=Component T1 BJT NPN
Added Member To Class: ClassName=c2020_schematic Member=Component U1 AZ1117EH-3.3TRG1
Added Member To Class: ClassName=c2020_schematic Member=Component U4 TL3305AF260QG
Added Room: Name=c2020_schematic
