Removed Pin From Net: NetName=NetD1_1 Pin=R1-1
Removed Pin From Net: NetName=+3.3 Pin=R1-2
Removed Pin From Net: NetName=NetC4_2 Pin=R3-1
Removed Pin From Net: NetName=+3.3 Pin=R3-2
Removed Member From Class: ClassName=c2020_schematic Member=R8
Removed Member From Class: ClassName=c2020_schematic Member=R9
Change Component Designator: OldDesignator=R2 NewDesignator=R1
Change Component Designator: OldDesignator=R4 NewDesignator=R2
Change Component Designator: OldDesignator=R5 NewDesignator=R3
Change Component Designator: OldDesignator=R6 NewDesignator=R4
Change Component Designator: OldDesignator=R7 NewDesignator=R5
Change Component Designator: OldDesignator=R8 NewDesignator=R6
Change Component Designator: OldDesignator=R9 NewDesignator=R7
Change Component Designator: OldDesignator=U1 NewDesignator=U2
Change Component Designator: OldDesignator=U2 NewDesignator=U3
Change Component Designator: OldDesignator=U3 NewDesignator=U1
Change Net Name : Old Net Name=NetR5_1 New Net Name=NetR3_1
Change Net Name : Old Net Name=NetR8_1 New Net Name=NetR6_1
Change Net Name : Old Net Name=NetR8_2 New Net Name=NetR6_2
Change Net Name : Old Net Name=NetR9_2 New Net Name=NetR7_2
