Removed Pin From Net: NetName=NetD1_1 Pin=R1-1
Change Component Designator: OldDesignator=R3 NewDesignator=R1
Change Component Designator: OldDesignator=R4 NewDesignator=R2
Change Component Designator: OldDesignator=R5 NewDesignator=R3
Change Component Designator: OldDesignator=R6 NewDesignator=R4
Change Component Designator: OldDesignator=R7 NewDesignator=R5
Added Pin To Net: NetName=NetD1_1 Pin=C1-2
Added Pin To Net: NetName=NetD1_1 Pin=C2-2
Added Pin To Net: NetName=NetD1_1 Pin=C4-2
Added Pin To Net: NetName=NetD1_1 Pin=J1-1
Added Pin To Net: NetName=NetD1_1 Pin=R3-2
Added Pin To Net: NetName=NetD1_1 Pin=U1-3
Added Pin To Net: NetName=NetD1_1 Pin=U2-40
Change Net Name : Old Net Name=NetD1_1 New Net Name=+5
Change Net Name : Old Net Name=NetR3_1 New Net Name=NetR1_1
Change Net Name : Old Net Name=NetR6_1 New Net Name=NetR4_1
Change Net Name : Old Net Name=NetR6_2 New Net Name=NetR4_2
Change Net Name : Old Net Name=NetR7_2 New Net Name=NetR5_2
Added Member To Class: ClassName=c2020_schematic Member=Component R1 3k
Added Member To Class: ClassName=c2020_schematic Member=Component R4 200k
Added Member To Class: ClassName=c2020_schematic Member=Component R5 15k
Added Member To Class: ClassName=c2020_schematic Member=Component U2 LP5036RJVR
